
*****INICIO LOAD DATA******

*****INICIO PRINT INFOS******
Número total de linhas do DataFrame: 3153593
Número de colunas: 112
Informações do DataFrame:
<class 'pandas.core.frame.DataFrame'>
RangeIndex: 3153593 entries, 0 to 3153592
Data columns (total 112 columns):
 #    Column                            Dtype         
---   ------                            -----         
 0    ID_ANIMAL                         uint32        
 1    EstabelecimentoMunicipio          category      
 2    DataAbate                         datetime64[ns]
 3    Frigorifico_ID                    uint8         
 4    Frigorifico_CNPJ                  uint64        
 5    Frigorifico_RazaoSocial           category      
 6    Municipio_Frigorifico             category      
 7    Tipificacao                       category      
 8    Maturidade                        category      
 9    Acabamento                        category      
 10   Peso                              float32       
 11   EstabelecimentoIdentificador      uint16        
 12   Data_homol                        datetime64[ns]
 13   Questionario_ID                   uint16        
 14   QuestionarioClassificacaoEstabel  uint8         
 15   FERTIIRRIGACAO                    uint8         
 16   ILP                               uint8         
 17   IFP                               uint8         
 18   ILPF                              uint8         
 19   CONCEN_VOLUM                      UInt8         
 20   CREEPFEEDING                      UInt8         
 21   FORN_ESTRAT_SILAGEM               UInt8         
 22   PROTEICO                          UInt8         
 23   PROTEICO_ENERGETICO               UInt8         
 24   RACAO_BAL_CONS_INFERIOR           UInt8         
 25   SAL_MINERAL                       UInt8         
 26   SALMINERAL_UREIA                  UInt8         
 27   RACAOO_BAL_CONSUMO_IG             UInt8         
 28   GRAO_INTEIRO                      UInt8         
 29   ALTO_CONCENTR_VOLUM               UInt8         
 30   ALTO_CONCENTRADO                  UInt8         
 31   QuestionarioPossuiOutrosIncentiv  uint8         
 32   QuestionarioFabricaRacao          uint8         
 33   area so confinamento              UInt8         
 34   regua de manejo                   UInt8         
 35   boa cobertura vegetal, com baixa  UInt8         
 36   erosaoo laminar ou em sulco igua  UInt8         
 37   identificacao individual          UInt8         
 38   rastreamento SISBOV               UInt8         
 39   Lista Trace                       UInt8         
 40   BPA                               UInt8         
 41   participa de aliancas mercadolog  UInt8         
 42   QuestionarioPraticaRecuperacaoPa  uint8         
 43   Confinamento                      UInt8         
 44   Suplementacao_a_campo             UInt8         
 45   SemiConfinamento                  UInt8         
 46   dif_datas                         uint16        
 47   DataAbate_6m_ANT                  datetime64[ns]
 48   data_homol_select                 datetime64[ns]
 49   data12m                           datetime64[ns]
 50   data6m                            datetime64[ns]
 51   data3m                            datetime64[ns]
 52   data1m                            datetime64[ns]
 53   data7d                            datetime64[ns]
 54   tot7d_Chuva                       float32       
 55   med7d_TempInst                    float32       
 56   med7d_TempMin                     float32       
 57   med7d_UmidInst                    float32       
 58   med7d_formITUinst                 float32       
 59   med7d_formITUmax                  float32       
 60   med7d_NDVI                        float32       
 61   med7d_EVI                         float32       
 62   med7d_preR_soja                   float32       
 63   med7d_preR_milho                  float32       
 64   med7d_preR_boi                    float32       
 65   tot1m_Chuva                       float32       
 66   med1m_TempInst                    float32       
 67   med1m_UmidInst                    float32       
 68   med1m_formITUinst                 float32       
 69   med1m_NDVI                        float32       
 70   med1m_EVI                         float32       
 71   med1m_preR_soja                   float32       
 72   med1m_preR_milho                  float32       
 73   med1m_preR_boi                    float32       
 74   tot3m_Chuva                       float32       
 75   med3m_TempInst                    float32       
 76   med3m_UmidInst                    float32       
 77   med3m_formITUinst                 float32       
 78   med3m_formITUmax                  float32       
 79   med3m_NDVI                        float32       
 80   med3m_EVI                         float32       
 81   med3m_preR_soja                   float32       
 82   med3m_preR_milho                  float32       
 83   med3m_preR_boi                    float32       
 84   tot6m_Chuva                       float32       
 85   med6m_TempInst                    float32       
 86   med6m_UmidInst                    float32       
 87   med6m_formITUinst                 float32       
 88   med6m_NDVI                        float32       
 89   med6m_EVI                         float32       
 90   med6m_preR_soja                   float32       
 91   med6m_preR_milho                  float32       
 92   med6m_preR_boi                    float32       
 93   tot12m_Chuva                      float32       
 94   med12m_TempInst                   float32       
 95   med12m_TempMin                    float32       
 96   med12m_UmidInst                   float32       
 97   med12m_formITUinst                float32       
 98   med12m_NDVI                       float32       
 99   med12m_EVI                        float32       
 100  med12m_preR_soja                  float32       
 101  med12m_preR_milho                 float32       
 102  med12m_preR_boi                   float32       
 103  cnt7d_CL_ITUinst                  float32       
 104  cnt1m_CL_ITUinst                  float32       
 105  cnt3m_CL_ITUinst                  float32       
 106  cnt6m_CL_ITUinst                  float32       
 107  cnt12m_CL_ITUinst                 float32       
 108  ANO                               uint16        
 109  CATEGORIA                         category      
 110  classificacao                     category      
 111  Motivo                            category      
dtypes: UInt8(24), category(9), datetime64[ns](9), float32(55), uint16(4), uint32(1), uint64(1), uint8(9)
memory usage: 1.1 GB
*****FIM PRINT INFOS*********
Function informations Took 0:00:00.011861

*****INICIO DELETE COLUNAS******
Coluna EstabelecimentoMunicipio excluída.
Coluna Maturidade excluída.
Coluna Acabamento excluída.
Coluna Peso excluída.
Coluna DataAbate excluída.
Coluna ANO excluída.
Coluna Frigorifico_ID excluída.
Coluna Frigorifico_CNPJ excluída.
Coluna Frigorifico_RazaoSocial excluída.
Coluna Municipio_Frigorifico excluída.
Coluna EstabelecimentoIdentificador excluída.
Coluna Data_homol excluída.
Coluna Questionario_ID excluída.
Coluna FERTIIRRIGACAO excluída.
Coluna CONCEN_VOLUM excluída.
Coluna CREEPFEEDING excluída.
Coluna FORN_ESTRAT_SILAGEM excluída.
Coluna PROTEICO excluída.
Coluna PROTEICO_ENERGETICO excluída.
Coluna RACAO_BAL_CONS_INFERIOR excluída.
Coluna SAL_MINERAL excluída.
Coluna SALMINERAL_UREIA excluída.
Coluna RACAOO_BAL_CONSUMO_IG excluída.
Coluna GRAO_INTEIRO excluída.
Coluna ALTO_CONCENTR_VOLUM excluída.
Coluna ALTO_CONCENTRADO excluída.
Coluna BPA excluída.
Coluna area so confinamento excluída.
Coluna Lista Trace excluída.
Coluna Motivo excluída.
Coluna data_homol_select excluída.
Coluna dif_datas excluída.
Coluna DataAbate_6m_ANT excluída.
Coluna data12m excluída.
Coluna data6m excluída.
Coluna data3m excluída.
Coluna data1m excluída.
Coluna data7d excluída.
Coluna med7d_formITUinst excluída.
Coluna med7d_preR_soja excluída.
Coluna med7d_preR_milho excluída.
Coluna med7d_preR_boi excluída.
Coluna med1m_formITUinst excluída.
Coluna med1m_preR_soja excluída.
Coluna med1m_preR_milho excluída.
Coluna med1m_preR_boi excluída.
Coluna med3m_preR_soja excluída.
Coluna med6m_preR_soja excluída.
Coluna med12m_preR_soja excluída.
Coluna cnt7d_CL_ITUinst excluída.
Coluna cnt1m_CL_ITUinst excluída.
Coluna cnt3m_CL_ITUinst excluída.
Coluna cnt6m_CL_ITUinst excluída.
Coluna cnt12m_CL_ITUinst excluída.
Coluna tot7d_Chuva excluída.
Coluna med7d_TempInst excluída.
Coluna med7d_TempMin excluída.
Coluna med7d_UmidInst excluída.
Coluna med7d_formITUmax excluída.
Coluna med7d_NDVI excluída.
Coluna med7d_EVI excluída.
Coluna tot1m_Chuva excluída.
Coluna med1m_TempInst excluída.
Coluna med1m_UmidInst excluída.
Coluna med1m_NDVI excluída.
Coluna med1m_EVI excluída.
Coluna med3m_TempInst excluída.
Coluna med3m_UmidInst excluída.
Coluna med3m_formITUmax excluída.
Coluna med3m_EVI excluída.
Coluna med6m_TempInst excluída.
Coluna med6m_UmidInst excluída.
Coluna med6m_EVI excluída.
Coluna med12m_TempInst excluída.
Coluna med12m_TempMin excluída.
Coluna med12m_UmidInst excluída.
Coluna med12m_EVI excluída.
Coluna boa cobertura vegetal, com baixa excluída.
Coluna erosaoo laminar ou em sulco igua excluída.
Coluna CATEGORIA excluída.
*****FIM DELETE COLUNAS*********

*****INICIO PRINT INFOS******
Número total de linhas do DataFrame: 3153593
Número de colunas: 32
Informações do DataFrame:
<class 'pandas.core.frame.DataFrame'>
RangeIndex: 3153593 entries, 0 to 3153592
Data columns (total 32 columns):
 #   Column                            Dtype   
---  ------                            -----   
 0   ID_ANIMAL                         uint32  
 1   Tipificacao                       category
 2   QuestionarioClassificacaoEstabel  uint8   
 3   ILP                               uint8   
 4   IFP                               uint8   
 5   ILPF                              uint8   
 6   QuestionarioPossuiOutrosIncentiv  uint8   
 7   QuestionarioFabricaRacao          uint8   
 8   regua de manejo                   UInt8   
 9   identificacao individual          UInt8   
 10  rastreamento SISBOV               UInt8   
 11  participa de aliancas mercadolog  UInt8   
 12  QuestionarioPraticaRecuperacaoPa  uint8   
 13  Confinamento                      UInt8   
 14  Suplementacao_a_campo             UInt8   
 15  SemiConfinamento                  UInt8   
 16  tot3m_Chuva                       float32 
 17  med3m_formITUinst                 float32 
 18  med3m_NDVI                        float32 
 19  med3m_preR_milho                  float32 
 20  med3m_preR_boi                    float32 
 21  tot6m_Chuva                       float32 
 22  med6m_formITUinst                 float32 
 23  med6m_NDVI                        float32 
 24  med6m_preR_milho                  float32 
 25  med6m_preR_boi                    float32 
 26  tot12m_Chuva                      float32 
 27  med12m_formITUinst                float32 
 28  med12m_NDVI                       float32 
 29  med12m_preR_milho                 float32 
 30  med12m_preR_boi                   float32 
 31  classificacao                     category
dtypes: UInt8(7), category(2), float32(15), uint32(1), uint8(7)
memory usage: 261.7 MB
*****FIM PRINT INFOS*********
Function informations Took 0:00:00.006808

*****FIM LOAD DATA******
Function load_data Took 0:02:07.295849

*****INICIO SHOW SETTINGS******
os = <module 'os' from '/usr/local/lib/python3.8/os.py'>
pd = <module 'pandas' from '/home/externo/rafaelrm/algoritmos/run_pipeline_target_classificacao_26012023/precoce-ms-classification/.venv-precoce-ms/lib/python3.8/site-packages/pandas/__init__.py'>
torch = <module 'torch' from '/home/externo/rafaelrm/algoritmos/run_pipeline_target_classificacao_26012023/precoce-ms-classification/.venv-precoce-ms/lib/python3.8/site-packages/torch/__init__.py'>
PANDAS_MAX_ROWS = 5000
random_seed = 42
n_jobs = 120
dataset_folder_path = /home/externo/rafaelrm/base_dados/
csv_path = /home/externo/rafaelrm/base_dados/TAB_MODELAGEM_RAFAEL_2020_1.csv
number_csv_lines = None
dtype_dict = {'ID_ANIMAL': 'uint32', 'EstabelecimentoMunicipio': 'category', 'Frigorifico_ID': 'uint8', 'Frigorifico_CNPJ': 'uint64', 'Frigorifico_RazaoSocial': 'category', 'Municipio_Frigorifico': 'category', 'Tipificacao': 'category', 'Maturidade': 'category', 'Acabamento': 'category', 'Peso': 'float32', 'EstabelecimentoIdentificador': 'uint16', 'Questionario_ID': 'uint16', 'QuestionarioClassificacaoEstabel': 'uint8', 'FERTIIRRIGACAO': 'uint8', 'ILP': 'uint8', 'IFP': 'uint8', 'ILPF': 'uint8', 'CONCEN_VOLUM': 'UInt8', 'CREEPFEEDING': 'UInt8', 'FORN_ESTRAT_SILAGEM': 'UInt8', 'PROTEICO': 'UInt8', 'PROTEICO_ENERGETICO': 'UInt8', 'RACAO_BAL_CONS_INFERIOR': 'UInt8', 'SAL_MINERAL': 'UInt8', 'SALMINERAL_UREIA': 'UInt8', 'RACAOO_BAL_CONSUMO_IG': 'UInt8', 'GRAO_INTEIRO': 'UInt8', 'ALTO_CONCENTR_VOLUM': 'UInt8', 'ALTO_CONCENTRADO': 'UInt8', 'QuestionarioPossuiOutrosIncentiv': 'uint8', 'QuestionarioFabricaRacao': 'uint8', 'area so confinamento': 'UInt8', 'regua de manejo': 'UInt8', 'boa cobertura vegetal, com baixa': 'UInt8', 'erosaoo laminar ou em sulco igua': 'UInt8', 'identificacao individual': 'UInt8', 'rastreamento SISBOV': 'UInt8', 'Lista Trace': 'UInt8', 'BPA': 'UInt8', 'participa de aliancas mercadolog': 'UInt8', 'QuestionarioPraticaRecuperacaoPa': 'uint8', 'Confinamento': 'UInt8', 'Suplementacao_a_campo': 'UInt8', 'SemiConfinamento': 'UInt8', 'dif_datas': 'uint16', 'tot7d_Chuva': 'float32', 'med7d_TempInst': 'float32', 'med7d_TempMin': 'float32', 'med7d_UmidInst': 'float32', 'med7d_formITUinst': 'float32', 'med7d_formITUmax': 'float32', 'med7d_NDVI': 'float32', 'med7d_EVI': 'float32', 'med7d_preR_soja': 'float32', 'med7d_preR_milho': 'float32', 'med7d_preR_boi': 'float32', 'tot1m_Chuva': 'float32', 'med1m_TempInst': 'float32', 'med1m_UmidInst': 'float32', 'med1m_formITUinst': 'float32', 'med1m_NDVI': 'float32', 'med1m_EVI': 'float32', 'med1m_preR_soja': 'float32', 'med1m_preR_milho': 'float32', 'med1m_preR_boi': 'float32', 'tot3m_Chuva': 'float32', 'med3m_TempInst': 'float32', 'med3m_UmidInst': 'float32', 'med3m_formITUinst': 'float32', 'med3m_formITUmax': 'float32', 'med3m_NDVI': 'float32', 'med3m_EVI': 'float32', 'med3m_preR_soja': 'float32', 'med3m_preR_milho': 'float32', 'med3m_preR_boi': 'float32', 'tot6m_Chuva': 'float32', 'med6m_TempInst': 'float32', 'med6m_UmidInst': 'float32', 'med6m_formITUinst': 'float32', 'med6m_NDVI': 'float32', 'med6m_EVI': 'float32', 'med6m_preR_soja': 'float32', 'med6m_preR_milho': 'float32', 'med6m_preR_boi': 'float32', 'tot12m_Chuva': 'float32', 'med12m_TempInst': 'float32', 'med12m_TempMin': 'float32', 'med12m_UmidInst': 'float32', 'med12m_formITUinst': 'float32', 'med12m_NDVI': 'float32', 'med12m_EVI': 'float32', 'med12m_preR_soja': 'float32', 'med12m_preR_milho': 'float32', 'med12m_preR_boi': 'float32', 'cnt7d_CL_ITUinst': 'float32', 'cnt1m_CL_ITUinst': 'float32', 'cnt3m_CL_ITUinst': 'float32', 'cnt6m_CL_ITUinst': 'float32', 'cnt12m_CL_ITUinst': 'float32', 'ANO': 'uint16', 'CATEGORIA': 'category', 'classificacao': 'category', 'Motivo': 'category', 'QTD_ANIMAIS_LOTE': 'uint16', 'PESO_MEDIO_LOTE': 'float32', 'CATEGORIA_BINARIA': 'category'}
parse_dates = ['DataAbate', 'Data_homol', 'DataAbate_6m_ANT', 'data_homol_select', 'data12m', 'data6m', 'data3m', 'data1m', 'data7d']
delete_columns_names_on_load_data = ['EstabelecimentoMunicipio', 'Maturidade', 'Acabamento', 'Peso', 'DataAbate', 'ANO', 'Frigorifico_ID', 'Frigorifico_CNPJ', 'Frigorifico_RazaoSocial', 'Municipio_Frigorifico', 'EstabelecimentoIdentificador', 'Data_homol', 'Questionario_ID', 'FERTIIRRIGACAO', 'CONCEN_VOLUM', 'CREEPFEEDING', 'FORN_ESTRAT_SILAGEM', 'PROTEICO', 'PROTEICO_ENERGETICO', 'RACAO_BAL_CONS_INFERIOR', 'SAL_MINERAL', 'SALMINERAL_UREIA', 'RACAOO_BAL_CONSUMO_IG', 'GRAO_INTEIRO', 'ALTO_CONCENTR_VOLUM', 'ALTO_CONCENTRADO', 'BPA', 'area so confinamento', 'Lista Trace', 'Motivo', 'data_homol_select', 'dif_datas', 'DataAbate_6m_ANT', 'data12m', 'data6m', 'data3m', 'data1m', 'data7d', 'med7d_formITUinst', 'med7d_preR_soja', 'med7d_preR_milho', 'med7d_preR_boi', 'med1m_formITUinst', 'med1m_preR_soja', 'med1m_preR_milho', 'med1m_preR_boi', 'med3m_preR_soja', 'med6m_preR_soja', 'med12m_preR_soja', 'cnt7d_CL_ITUinst', 'cnt1m_CL_ITUinst', 'cnt3m_CL_ITUinst', 'cnt6m_CL_ITUinst', 'cnt12m_CL_ITUinst', 'tot7d_Chuva', 'med7d_TempInst', 'med7d_TempMin', 'med7d_UmidInst', 'med7d_formITUmax', 'med7d_NDVI', 'med7d_EVI', 'tot1m_Chuva', 'med1m_TempInst', 'med1m_UmidInst', 'med1m_NDVI', 'med1m_EVI', 'med3m_TempInst', 'med3m_UmidInst', 'med3m_formITUmax', 'med3m_EVI', 'med6m_TempInst', 'med6m_UmidInst', 'med6m_EVI', 'med12m_TempInst', 'med12m_TempMin', 'med12m_UmidInst', 'med12m_EVI', 'boa cobertura vegetal, com baixa', 'erosaoo laminar ou em sulco igua', 'CATEGORIA']
PATH_SAVE_PLOTS = ./plots
PATH_SAVE_ESTIMATORS_REPR = ./runs/estimators_repr
PATH_SAVE_BEST_ESTIMATORS = ./runs/best_estimators
PATH_SAVE_RESULTS = ./runs/results
PATH_SAVE_LOGS = ./logs
PATH_SAVE_ENCODERS_SCALERS = ./runs/encoders_scalers
ordinal_encoder_columns_names = {'QuestionarioClassificacaoEstabel': ['0', '21', '26', '30']}
columns_ordinal_encoded = {}
label_encoder_columns_names = ['classificacao']
columns_label_encoded = {}
one_hot_encoder_columns_names = ['Tipificacao']
columns_one_hot_encoded = {}
min_max_scaler_columns_names = ['tot3m_Chuva', 'med3m_formITUinst', 'med3m_NDVI', 'med3m_preR_milho', 'med3m_preR_boi', 'tot6m_Chuva', 'med6m_formITUinst', 'med6m_NDVI', 'med6m_preR_milho', 'med6m_preR_boi', 'tot12m_Chuva', 'med12m_formITUinst', 'med12m_NDVI', 'med12m_preR_milho', 'med12m_preR_boi']
columns_min_max_scaled = {}
columns_label_binarized = {}
simple_imputer_columns_names = []
columns_names_drop_feature_by_correlation = []
class_column = classificacao
classifiers = {}
models_results = {}
device_name = auto
use_embeddings = True
use_cat_emb_dim = True
threshold_categorical_features = 150
num_workers = 0
eval_metric = ['auc', 'balanced_accuracy', 'accuracy']
augmentations = None
weights = 0
batch_size = 16384
virtual_batch_size = 2048
run_grid_search_cv_tuner = True
save_results_during_run = False
new_run = True
PATH_OBJECTS_PERSISTED_RESULTS_RUNS = ./runs/objects_persisted_results_runs
PARAMETERS_PERSIST_FILENAME = ./runs/objects_persisted_results_runs/parameters_persist
RESULTS_PERSIST_FILENAME = ./runs/objects_persisted_results_runs/results_persist
SPLIT_PERSIST_FILENAME = ./runs/objects_persisted_results_runs/split_persist
tree_method = hist
objective = binary:logistic
*****FIM SHOW SETTINGS******


*****INICIO DELETE DUPLICATE ROWS BY ATTRIBUTE******
Linhas duplicadas encontradas para o atributo ID_ANIMAL.
Linhas duplicadas deletadas.
*****FIM DELETE DUPLICATE ROWS BY ATTRIBUTE*********
Function delete_duplicate_rows_by_attribute Took 0:00:01.838191

*****INICIO DELETE COLUNAS******
Coluna ID_ANIMAL excluída.
*****FIM DELETE COLUNAS*********

*****INICIO DELETE NAN ROWS******
Linhas com valores NaN encontradas.
*****FIM DELETE NAN ROWS*********
Function delete_nan_rows Took 0:00:00.772832


*****INICIO DELETE COLUMNS WITH SINGLE VALUE******
>>> Nenhuma coluna com valor único encontrada.
*****FIM DELETE COLUMNS WITH SINGLE VALUE*********
Function delete_columns_with_single_value Took 0:00:00.602635


*****INICIO LABEL ENCODER******
*****FIM LABEL ENCODER*********
Function label_encoder_columns Took 0:00:00.535914

Object saved in file: ./runs/encoders_scalers/target_encoded-29-03-2023_14:09:50.joblib

*****INICIO RELATÓRIO DISTRIBUIÇÃO DE CLASSES******
Distribuição da classe 1: 83%
Distribuição da classe 0: 17%
Erro majoritário: 17%
*****FIM RELATÓRIO DISTRIBUIÇÃO DE CLASSES******
Function class_distribution Took 0:00:00.085315

Number of folds for cross validation: 10
Scoring strategy for grid search: accuracy

-------Number of jobs for grid search 3: 10
Test Size: 0.2

x_train shape: (2378460, 30)
y_train shape: (2378460,)
x_test shape: (594616, 30)
y_test shape: (594616,)
Removing all files in directory: ./runs/objects_persisted_results_runs
Do you want to continue? (y/n): 
All files in directory ./runs/objects_persisted_results_runs were removed.
Fitting 10 folds for each of 216 candidates, totalling 2160 fits
/home/externo/rafaelrm/algoritmos/run_pipeline_target_classificacao_26012023/precoce-ms-classification/.venv-precoce-ms/lib/python3.8/site-packages/joblib/externals/loky/process_executor.py:700: UserWarning: A worker stopped while some jobs were given to the executor. This can be caused by a too short worker timeout or by a memory leak.
  warnings.warn(
--------------------- RESULTS GS3 ---------------------

CSV gerado com sucesso em: ./runs/results/GS3-cv_results-29-03-2023_17:53:34.csv.
Function generate_new_csv Took 0:00:00.382130

Cross validation results:
     mean_fit_time  std_fit_time  mean_score_time  std_score_time  ... split9_test_score mean_test_score std_test_score rank_test_score
61      125.951595      2.586066         1.261771        0.225607  ...          0.850513        0.850041       0.000379               1
133     123.499288      1.931029         1.318209        0.286562  ...          0.850130        0.850022       0.000372               2
135     124.077559      1.754105         1.349257        0.330519  ...          0.850315        0.849995       0.000491               3
205     125.797791      1.258564         1.377328        0.132339  ...          0.850391        0.849978       0.000498               4
204     122.945719      2.581407         1.278041        0.307379  ...          0.850454        0.849958       0.000554               5
132     126.480913      1.643351         1.339937        0.338806  ...          0.850113        0.849958       0.000464               6
60      122.863450      2.267976         1.214850        0.222463  ...          0.850336        0.849932       0.000430               7
62      123.632709      1.041054         1.335958        0.294753  ...          0.850302        0.849920       0.000466               8
63      130.166267      2.218294         1.274251        0.263918  ...          0.850365        0.849899       0.000446               9
207     126.885539      1.301740         1.361285        0.308130  ...          0.850201        0.849898       0.000483              10
134     127.560089      1.130459         1.304398        0.303706  ...          0.850185        0.849832       0.000542              11
206     125.668358      2.337695         1.249081        0.238338  ...          0.850189        0.849811       0.000489              12
215     110.990307      2.711748         1.032020        0.180070  ...          0.847796        0.847210       0.000481              13
141     109.384703      1.356568         1.110261        0.148595  ...          0.847241        0.847201       0.000502              14
69      109.329238      4.086727         1.106626        0.121284  ...          0.847267        0.847185       0.000529              15
213     110.983235      1.483175         1.100967        0.161519  ...          0.847532        0.847169       0.000497              16
140     107.649993      1.489772         1.070410        0.134761  ...          0.847574        0.847144       0.000529              17
212     109.670223      1.860060         1.115006        0.142743  ...          0.847633        0.847127       0.000478              18
143     106.377379      1.752079         1.117081        0.159049  ...          0.847326        0.847072       0.000437              19
71      106.683593      1.350789         1.064320        0.116494  ...          0.847565        0.847054       0.000575              20
68      107.437637      0.822097         1.072248        0.120831  ...          0.847494        0.847054       0.000481              21
142     108.420802      1.064336         1.076872        0.127708  ...          0.847910        0.847027       0.000544              22
109     120.403152      2.290543         1.456742        0.252511  ...          0.847683        0.847021       0.000529              23
70      106.324840      0.991594         1.143781        0.106236  ...          0.847326        0.846986       0.000449              24
214     108.700896      0.674680         1.124105        0.171707  ...          0.847006        0.846960       0.000504              25
181     122.263841      1.626509         1.294277        0.347424  ...          0.847616        0.846942       0.000567              26
36      119.526987      4.778439         1.271744        0.203582  ...          0.847267        0.846928       0.000499              27
37      117.694148      1.201628         1.336645        0.243434  ...          0.847473        0.846897       0.000554              28
180     122.631554      1.947212         1.258995        0.240440  ...          0.847237        0.846805       0.000532              29
111     126.193981      2.577331         1.410827        0.201986  ...          0.847153        0.846800       0.000547              30
108     121.012872      1.954786         1.316269        0.258268  ...          0.847061        0.846795       0.000485              31
183     123.888572      1.272580         1.331967        0.234821  ...          0.847246        0.846737       0.000537              32
182     124.815130      1.382177         1.262832        0.194882  ...          0.847494        0.846697       0.000696              33
39      117.766818      2.835665         1.294630        0.186766  ...          0.847162        0.846696       0.000571              34
38      116.698538      1.712773         1.277437        0.249334  ...          0.847027        0.846662       0.000543              35
110     123.796451      4.119290         1.443150        0.264951  ...          0.847132        0.846635       0.000543              36
117     106.553122      1.826609         1.196372        0.160647  ...          0.843050        0.842810       0.000452              37
45      103.392414      1.942749         1.027927        0.166481  ...          0.842949        0.842757       0.000456              38
44      104.612179      1.687850         1.040596        0.181555  ...          0.843041        0.842678       0.000392              39
47      103.792652      0.829914         1.044278        0.142144  ...          0.843109        0.842671       0.000441              40
189     108.772568      1.708338         1.177582        0.106403  ...          0.843041        0.842657       0.000430              41
116     107.727442      1.785659         1.146308        0.076185  ...          0.842869        0.842647       0.000457              42
119     105.941240      1.085597         1.074546        0.183757  ...          0.843155        0.842639       0.000400              43
188     108.887080      3.523099         1.103629        0.109757  ...          0.842991        0.842589       0.000530              44
191     107.989821      1.533306         1.078781        0.129726  ...          0.842894        0.842582       0.000588              45
46      103.150138      1.052622         1.063986        0.162387  ...          0.842924        0.842551       0.000430              46
190     110.429884      2.881507         1.049728        0.161244  ...          0.843151        0.842532       0.000500              47
118     107.149323      1.917664         1.086221        0.110210  ...          0.842823        0.842502       0.000411              48
201      16.188355      1.036184         0.409501        0.037561  ...          0.837021        0.836513       0.000505              49
200      15.501306      0.580725         0.408865        0.034707  ...          0.836613        0.836324       0.000328              50
203      16.056908      0.237281         0.403153        0.033616  ...          0.836306        0.836312       0.000445              51
128      15.727238      0.586033         0.388601        0.023117  ...          0.836247        0.836276       0.000200              52
58       15.763020      0.374918         0.401752        0.020589  ...          0.836667        0.836271       0.000387              53
59       16.100143      0.241635         0.405781        0.044035  ...          0.836285        0.836262       0.000330              54
57       15.579884      0.339058         0.403458        0.034245  ...          0.836302        0.836226       0.000455              55
56       15.656940      0.601300         0.395362        0.030377  ...          0.836213        0.836213       0.000363              56
130      16.197781      0.637079         0.391720        0.030597  ...          0.836213        0.836193       0.000321              57
131      15.846142      0.222874         0.434286        0.027686  ...          0.836285        0.836188       0.000544              58
202      16.070516      0.438362         0.421957        0.031004  ...          0.836655        0.836186       0.000401              59
129      15.789905      0.310008         0.382525        0.021601  ...          0.836209        0.836151       0.000285              60
208      14.130384      0.996246         0.376419        0.022083  ...          0.833657        0.833508       0.000330              61
66       14.481516      0.736624         0.386769        0.027887  ...          0.833720        0.833501       0.000319              62
136      14.286270      0.730584         0.384793        0.021828  ...          0.833817        0.833498       0.000407              63
64       14.304953      0.509118         0.368620        0.022332  ...          0.833699        0.833479       0.000310              64
138      14.340280      0.333817         0.371985        0.033028  ...          0.833577        0.833472       0.000299              65
65       14.383275      0.495265         0.365187        0.023714  ...          0.833842        0.833439       0.000251              66
137      14.620871      0.375427         0.379274        0.022102  ...          0.833926        0.833420       0.000277              67
209      14.231632      0.310692         0.373120        0.034863  ...          0.834044        0.833414       0.000323              68
211      14.272829      0.507494         0.362048        0.020459  ...          0.833766        0.833410       0.000321              69
210      14.723691      0.527921         0.383435        0.026947  ...          0.833304        0.833380       0.000223              70
139      14.683557      0.250275         0.374497        0.026010  ...          0.833552        0.833377       0.000244              71
67       14.275594      0.342246         0.383003        0.026464  ...          0.833552        0.833324       0.000296              72
105      16.547208      0.356590         0.407592        0.032135  ...          0.833249        0.832904       0.000228              73
178      16.894063      0.461751         0.420791        0.037823  ...          0.832711        0.832904       0.000229              74
104      16.616333      0.506699         0.410687        0.031227  ...          0.832942        0.832899       0.000240              75
176      16.618607      0.708062         0.404301        0.033135  ...          0.832707        0.832899       0.000431              76
33       16.929499      0.850832         0.402598        0.048533  ...          0.832942        0.832887       0.000232              77
32       16.810432      0.820617         0.390926        0.023480  ...          0.832904        0.832880       0.000309              78
34       16.452341      0.415768         0.395122        0.039512  ...          0.832947        0.832859       0.000222              79
179      17.022433      0.513518         0.421936        0.021755  ...          0.832854        0.832834       0.000321              80
35       17.072541      0.410528         0.391817        0.042363  ...          0.832930        0.832785       0.000329              81
107      16.911815      0.695012         0.417782        0.015911  ...          0.832930        0.832769       0.000316              82
177      16.900036      0.590683         0.389369        0.036100  ...          0.832774        0.832757       0.000279              83
106      16.895111      0.736561         0.414460        0.031798  ...          0.832736        0.832746       0.000221              84
156     141.515811      2.920835         1.384687        0.230091  ...          0.832698        0.832645       0.000173              85
12      139.923454      4.414327         1.451325        0.336613  ...          0.832640        0.832626       0.000124              86
84      145.383836      2.354674         1.378000        0.314329  ...          0.832463        0.832605       0.000214              87
86      143.810591      2.268245         1.445253        0.322151  ...          0.832808        0.832603       0.000159              88
85      144.955549      4.411692         1.514577        0.419418  ...          0.832619        0.832592       0.000182              89
15      139.676913      2.982610         1.425576        0.191571  ...          0.832736        0.832589       0.000213              90
157     148.337847      6.556136         1.545914        0.207680  ...          0.832631        0.832585       0.000196              91
13      141.572668      6.085156         1.473950        0.201898  ...          0.832577        0.832584       0.000121              92
158     146.736814     16.564230         1.637038        0.330443  ...          0.832610        0.832575       0.000193              93
87      144.209521      4.467772         1.404727        0.229489  ...          0.832661        0.832548       0.000142              94
14      138.371370      1.610972         1.528917        0.235790  ...          0.832547        0.832541       0.000126              95
159     141.596463      3.314467         1.421890        0.263780  ...          0.832669        0.832540       0.000175              96
187      15.577005      0.400739         0.398548        0.034086  ...          0.831324        0.831207       0.000156              97
184      15.735795      0.644873         0.379705        0.043402  ...          0.831164        0.831200       0.000148              98
40       15.273691      0.690184         0.376239        0.028321  ...          0.831404        0.831199       0.000182              99
186      15.345936      0.704305         0.373865        0.027898  ...          0.831265        0.831182       0.000176             100
185      15.539430      0.806630         0.393097        0.031853  ...          0.831046        0.831172       0.000142             101
112      15.625874      0.246238         0.379592        0.045609  ...          0.831189        0.831170       0.000119             102
115      15.723867      0.271303         0.378844        0.025621  ...          0.831181        0.831168       0.000094             103
41       15.118227      0.540238         0.379427        0.038208  ...          0.831336        0.831151       0.000164             104
42       15.301788      0.626946         0.386540        0.022891  ...          0.831160        0.831136       0.000152             105
114      15.427732      0.304854         0.372921        0.024491  ...          0.831155        0.831134       0.000185             106
43       15.221512      0.400634         0.380844        0.026886  ...          0.831181        0.831129       0.000084             107
113      15.467992      0.815026         0.388161        0.031027  ...          0.831113        0.831117       0.000123             108
94      127.650587      1.190487         1.061198        0.111197  ...          0.831134        0.830983       0.000125             109
166     128.081550      1.609502         1.076491        0.177708  ...          0.831088        0.830971       0.000117             110
92      129.465755      1.681757         1.072132        0.151789  ...          0.831025        0.830967       0.000115             111
165     127.569445      1.964913         0.997288        0.141698  ...          0.831029        0.830963       0.000130             112
164     126.933100      2.175232         1.028950        0.138486  ...          0.831080        0.830963       0.000129             112
95      127.139179      1.990337         1.058739        0.154636  ...          0.831092        0.830960       0.000109             114
93      128.238711      1.878766         0.997847        0.122455  ...          0.831071        0.830958       0.000125             115
21      123.364665      1.090515         1.092441        0.192859  ...          0.831105        0.830956       0.000128             116
20      124.829661      2.839827         1.161582        0.181140  ...          0.831134        0.830953       0.000118             117
23      123.844638      1.916697         1.132991        0.240083  ...          0.831071        0.830947       0.000119             118
167     127.293576      1.578110         1.045886        0.159900  ...          0.831097        0.830945       0.000145             119
22      124.601787      1.654170         1.075965        0.148987  ...          0.831059        0.830935       0.000139             120
199      64.131052      0.655941         0.555931        0.023742  ...          0.829978        0.829935       0.000064             121
127      64.664244      0.542847         0.542158        0.028875  ...          0.829978        0.829930       0.000059             122
55       64.092124      3.069281         0.573620        0.045518  ...          0.829978        0.829930       0.000059             122
124      63.846381      1.663094         0.522988        0.052513  ...          0.829818        0.829923       0.000066             124
52       63.236390      0.541269         0.529279        0.040879  ...          0.829818        0.829923       0.000066             124
196      63.535318      0.527199         0.542835        0.032489  ...          0.829818        0.829919       0.000071             126
125      65.867035      3.439024         0.496701        0.057696  ...          0.829991        0.829918       0.000075             127
53       65.605018      0.409056         0.525182        0.032133  ...          0.829991        0.829918       0.000075             127
197      63.970981      0.737399         0.553825        0.045792  ...          0.829991        0.829908       0.000069             129
126      64.268728      0.461676         0.506364        0.047945  ...          0.829856        0.829882       0.000082             130
54       64.334969      2.043444         0.553265        0.033336  ...          0.829856        0.829882       0.000082             130
198      64.404918      0.999860         0.549893        0.036040  ...          0.829856        0.829882       0.000082             130
173      64.178795      0.591980         0.517051        0.047213  ...          0.829516        0.829610       0.000076             133
29       63.097821      2.445705         0.532756        0.033236  ...          0.829516        0.829609       0.000075             134
101      64.704496      0.344617         0.531694        0.031083  ...          0.829516        0.829609       0.000075             134
28       62.039732      0.874855         0.532235        0.038263  ...          0.829478        0.829596       0.000062             136
100      63.654090      1.592201         0.532401        0.038095  ...          0.829478        0.829596       0.000062             136
172      63.820013      0.390878         0.520752        0.037961  ...          0.829478        0.829596       0.000062             136
174      65.149743      3.641492         0.529650        0.046144  ...          0.829524        0.829588       0.000048             139
30       62.668319      2.090488         0.549687        0.048014  ...          0.829524        0.829588       0.000048             139
102      65.854683      0.568499         0.544332        0.050962  ...          0.829524        0.829588       0.000048             139
175      65.250678      2.391815         0.537104        0.055494  ...          0.829533        0.829578       0.000057             142
31       62.987122      0.669227         0.543906        0.035248  ...          0.829533        0.829573       0.000052             143
103      64.831450      0.434710         0.525806        0.031822  ...          0.829533        0.829573       0.000052             143
8        16.340813      0.576042         0.402308        0.023064  ...          0.829448        0.829446       0.000009             145
10       16.892272      0.379299         0.385511        0.017451  ...          0.829448        0.829446       0.000009             145
11       16.787401      0.213470         0.376644        0.035560  ...          0.829448        0.829432       0.000027             147
81       16.969555      0.514277         0.374146        0.022842  ...          0.829448        0.829432       0.000027             147
83       16.504916      0.311449         0.394688        0.026738  ...          0.829448        0.829432       0.000027             147
9        16.542127      0.358726         0.391778        0.035761  ...          0.829448        0.829427       0.000031             150
152      16.826155      0.608185         0.392202        0.029287  ...          0.829448        0.829425       0.000030             151
154      17.408077      0.446060         0.384751        0.020727  ...          0.829448        0.829425       0.000030             151
80       16.710349      0.394087         0.395090        0.043821  ...          0.829448        0.829423       0.000029             153
155      17.096626      0.316497         0.407412        0.038686  ...          0.829448        0.829419       0.000032             154
82       18.063335      0.767653         0.402823        0.039321  ...          0.829448        0.829417       0.000031             155
153      16.957288      0.526149         0.402347        0.032190  ...          0.829448        0.829411       0.000032             156
6        67.111052      0.523842         0.540769        0.038071  ...          0.829377        0.829380       0.000002             157
2         9.814692      0.256482         0.288460        0.008295  ...          0.829377        0.829380       0.000002             157
3         9.576686      0.411117         0.283588        0.016138  ...          0.829377        0.829380       0.000002             157
4        66.282446      1.923036         0.490960        0.051815  ...          0.829377        0.829380       0.000002             157
5        65.700682      0.421632         0.500573        0.033835  ...          0.829377        0.829380       0.000002             157
171       9.590143      0.371722         0.292636        0.020369  ...          0.829377        0.829380       0.000002             157
193       9.252575      0.201363         0.298704        0.024107  ...          0.829377        0.829380       0.000002             157
7        67.166300      3.507203         0.549428        0.050091  ...          0.829377        0.829380       0.000002             157
194       9.672389      0.674043         0.301098        0.031854  ...          0.829377        0.829380       0.000002             157
169      10.070904      0.621608         0.307427        0.023133  ...          0.829377        0.829380       0.000002             157
192       9.575706      0.717813         0.294075        0.020905  ...          0.829377        0.829380       0.000002             157
195       9.687678      0.347991         0.304025        0.018487  ...          0.829377        0.829380       0.000002             157
170       9.690737      0.386793         0.300771        0.014934  ...          0.829377        0.829380       0.000002             157
123       9.274229      0.499079         0.298828        0.015423  ...          0.829377        0.829380       0.000002             157
168       9.475805      0.367773         0.309552        0.034294  ...          0.829377        0.829380       0.000002             157
74        9.766799      0.371104         0.297624        0.011516  ...          0.829377        0.829380       0.000002             157
91       15.818456      0.423355         0.383732        0.039617  ...          0.829377        0.829380       0.000002             157
90       16.095130      0.497099         0.364965        0.030486  ...          0.829377        0.829380       0.000002             157
89       15.794941      0.527148         0.370167        0.015245  ...          0.829377        0.829380       0.000002             157
88       15.741301      0.401661         0.357486        0.025025  ...          0.829377        0.829380       0.000002             157
79       70.773026      0.370917         0.586908        0.031395  ...          0.829377        0.829380       0.000002             157
78       69.418177      0.253552         0.582101        0.035001  ...          0.829377        0.829380       0.000002             157
77       70.495165      0.413852         0.522477        0.046278  ...          0.829377        0.829380       0.000002             157
76       71.837248      0.589907         0.541837        0.050502  ...          0.829377        0.829380       0.000002             157
75        9.612747      0.402999         0.308773        0.028606  ...          0.829377        0.829380       0.000002             157
73       10.176308      0.591712         0.306456        0.013194  ...          0.829377        0.829380       0.000002             157
163      15.494576      0.270962         0.380114        0.020154  ...          0.829377        0.829380       0.000002             157
72       10.259424      0.546219         0.298333        0.024503  ...          0.829377        0.829380       0.000002             157
24        9.898747      0.863649         0.300581        0.014155  ...          0.829377        0.829380       0.000002             157
25        9.875338      0.277030         0.309997        0.032072  ...          0.829377        0.829380       0.000002             157
26        9.567708      0.355120         0.302337        0.022507  ...          0.829377        0.829380       0.000002             157
27        9.560228      0.391667         0.282662        0.018662  ...          0.829377        0.829380       0.000002             157
51        9.375013      0.236521         0.295332        0.014897  ...          0.829377        0.829380       0.000002             157
50        9.276657      0.362496         0.299830        0.022603  ...          0.829377        0.829380       0.000002             157
49        9.450454      0.385107         0.299207        0.020994  ...          0.829377        0.829380       0.000002             157
48        9.739032      0.548072         0.306237        0.017461  ...          0.829377        0.829380       0.000002             157
96       10.034013      0.694601         0.292137        0.017796  ...          0.829377        0.829380       0.000002             157
97        9.943547      0.383883         0.309796        0.024717  ...          0.829377        0.829380       0.000002             157
98        9.607196      0.219396         0.292644        0.029684  ...          0.829377        0.829380       0.000002             157
99        9.564707      0.423034         0.301931        0.026251  ...          0.829377        0.829380       0.000002             157
162      15.863458      0.886425         0.380537        0.034161  ...          0.829377        0.829380       0.000002             157
161      15.709428      0.603481         0.377923        0.038777  ...          0.829377        0.829380       0.000002             157
160      16.287806      0.444005         0.402304        0.041035  ...          0.829377        0.829380       0.000002             157
151      68.874321      0.995998         0.555237        0.035465  ...          0.829377        0.829380       0.000002             157
150      68.987235      0.815948         0.539674        0.041240  ...          0.829377        0.829380       0.000002             157
149      69.605220      3.751618         0.549965        0.042565  ...          0.829377        0.829380       0.000002             157
148      71.424428      2.121923         0.529964        0.048958  ...          0.829377        0.829380       0.000002             157
147       9.542404      0.347930         0.300667        0.030231  ...          0.829377        0.829380       0.000002             157
146       9.955364      0.343362         0.304239        0.018793  ...          0.829377        0.829380       0.000002             157
145       9.780872      0.447284         0.298859        0.017991  ...          0.829377        0.829380       0.000002             157
144       9.893386      0.831329         0.316620        0.031739  ...          0.829377        0.829380       0.000002             157
16       16.111479      0.256766         0.391026        0.025562  ...          0.829377        0.829380       0.000002             157
17       15.548048      0.288671         0.370169        0.019085  ...          0.829377        0.829380       0.000002             157
18       16.034581      0.372440         0.382325        0.021656  ...          0.829377        0.829380       0.000002             157
122       9.774562      0.219269         0.320288        0.027630  ...          0.829377        0.829380       0.000002             157
121       9.196623      0.381819         0.308279        0.024922  ...          0.829377        0.829380       0.000002             157
120       9.938576      1.129059         0.298820        0.022677  ...          0.829377        0.829380       0.000002             157
19       15.542786      0.310865         0.384029        0.028307  ...          0.829377        0.829380       0.000002             157
1         9.953695      0.317363         0.294145        0.017778  ...          0.829377        0.829380       0.000002             157
0         9.871341      0.544024         0.319613        0.016337  ...          0.829377        0.829380       0.000002             157

[216 rows x 32 columns]
Object saved in file: ./runs/best_estimators/GS3-best_pipe-29-03-2023_17:53:34.joblib
Object saved in file: ./runs/best_estimators/best_estimator-XGBClassifier-29-03-2023_17:53:34.json
Best estimator: XGBClassifier(base_score=0.5, booster='gbtree', callbacks=None,
              colsample_bylevel=1, colsample_bynode=1, colsample_bytree=0.75,
              early_stopping_rounds=None, enable_categorical=False,
              eval_metric=None, gamma=0.05, gpu_id=-1, grow_policy='depthwise',
              importance_type=None, interaction_constraints='',
              learning_rate=0.2, max_bin=256, max_cat_to_onehot=4,
              max_delta_step=1.0, max_depth=7, max_leaves=0, min_child_weight=1,
              missing=nan, monotone_constraints='()', n_estimators=1000,
              n_jobs=-1, num_parallel_tree=1, predictor='auto', random_state=42,
              reg_alpha=0, reg_lambda=1.0, ...)
Object saved in file: ./runs/encoders_scalers/GS3-column_transformer-29-03-2023_17:53:35.joblib
Internal CV score obtained by the best set of parameters: 0.8500407826913212
Best params: {'classifier__estimator': XGBClassifier(base_score=None, booster=None, callbacks=None,
              colsample_bylevel=None, colsample_bynode=None,
              colsample_bytree=0.75, early_stopping_rounds=None,
              enable_categorical=False, eval_metric=None, gamma=0.05,
              gpu_id=None, grow_policy=None, importance_type=None,
              interaction_constraints=None, learning_rate=0.2, max_bin=None,
              max_cat_to_onehot=None, max_delta_step=1.0, max_depth=7,
              max_leaves=None, min_child_weight=None, missing=nan,
              monotone_constraints=None, n_estimators=1000, n_jobs=-1,
              num_parallel_tree=None, predictor=None, random_state=42,
              reg_alpha=0, reg_lambda=1.0, ...), 'classifier__estimator__colsample_bytree': 0.75, 'classifier__estimator__gamma': 0.05, 'classifier__estimator__learning_rate': 0.2, 'classifier__estimator__max_delta_step': 1.0, 'classifier__estimator__max_depth': 7, 'classifier__estimator__n_estimators': 1000, 'classifier__estimator__n_jobs': -1, 'classifier__estimator__objective': 'binary:logistic', 'classifier__estimator__random_state': 42, 'classifier__estimator__reg_alpha': 0, 'classifier__estimator__reg_lambda': 1.0, 'classifier__estimator__subsample': 0.75, 'classifier__estimator__tree_method': 'hist'}
Scorer function: make_scorer(accuracy_score)
The number of CV splits: 10
Seconds used for refitting the best model on the whole dataset: 51.6945059299469
Whether the scorers compute several metrics: False
The number of features when fit is performed: 30
Names of features seen during fit: ['Tipificacao' 'QuestionarioClassificacaoEstabel' 'ILP' 'IFP' 'ILPF'
 'QuestionarioPossuiOutrosIncentiv' 'QuestionarioFabricaRacao'
 'regua de manejo' 'identificacao individual' 'rastreamento SISBOV'
 'participa de aliancas mercadolog' 'QuestionarioPraticaRecuperacaoPa'
 'Confinamento' 'Suplementacao_a_campo' 'SemiConfinamento' 'tot3m_Chuva'
 'med3m_formITUinst' 'med3m_NDVI' 'med3m_preR_milho' 'med3m_preR_boi'
 'tot6m_Chuva' 'med6m_formITUinst' 'med6m_NDVI' 'med6m_preR_milho'
 'med6m_preR_boi' 'tot12m_Chuva' 'med12m_formITUinst' 'med12m_NDVI'
 'med12m_preR_milho' 'med12m_preR_boi']

!!!>> When you observe high training accuracy, but low test accuracy, it is likely that you encountered overfitting problem.
Training set score: 0.8523170454832119
Test set score: 0.8499535834891762

CSV gerado com sucesso em: ./runs/results/GS3-grid_search_results-29-03-2023_17:53:40.csv.
Function generate_new_csv Took 0:00:00.002928

*****INICIO CONFUSION MATRIX DISPLAY******
Figure confusion_matrix_display-29-03-2023_17:53:43.png saved in ./plots/ directory.
*****FIM CONFUSION MATRIX DISPLAY******

Function confusion_matrix_display Took 0:00:00.715590


--- Test data performance ---
Test Acurácia: 0.8499535834891762
Test Acurácia Balanceada: 0.6044879242241001
Test Revocação: 0.9771049328518158
Test Micro Revocação: 0.8499535834891762
Test Macro Revocação: 0.6044879242241001
Test Precisão: 0.8607916027302559
Test Micro Precisão: 0.8499535834891762
Test Macro Precisão: 0.7682386851795757
Test F1: 0.9152677584418839
Test Micro F1: 0.8499535834891762
Test Macro F1: 0.6302642840115017
Test Coeficiente Kappa: 0.28272693495036705
Test Coeficiente de Correlação de Matthews: 0.3348295292295216
Test Log Loss: 0.35369919203355277
Test ROC AUC Score: 0.8202547001916902

CSV gerado com sucesso em: ./runs/results/GS3-performance_results-29-03-2023_17:53:46.csv.
Function generate_new_csv Took 0:00:00.001456

              precision    recall  f1-score   support

           0       0.68      0.23      0.35    101453
           1       0.86      0.98      0.92    493163

    accuracy                           0.85    594616
   macro avg       0.77      0.60      0.63    594616
weighted avg       0.83      0.85      0.82    594616


CSV gerado com sucesso em: ./runs/results/GS3-classification_report-29-03-2023_17:53:47.csv.
Function generate_new_csv Took 0:00:00.001358

Function run_grid_search Took 3:43:56.723268


-------Number of jobs for grid search 4: 20
/home/externo/rafaelrm/algoritmos/run_pipeline_target_classificacao_26012023/precoce-ms-classification/.venv-precoce-ms/lib/python3.8/site-packages/pytorch_tabnet/abstract_model.py:75: UserWarning: Device used : cpu
  warnings.warn(f"Device used : {self.device}")
Test Size: 0.2

x_train shape: (2378460, 30)
y_train shape: (2378460,)
x_test shape: (594616, 30)
y_test shape: (594616,)
Removing all files in directory: ./runs/objects_persisted_results_runs
Do you want to continue? (y/n): 
All files in directory ./runs/objects_persisted_results_runs were removed.
Fitting 10 folds for each of 768 candidates, totalling 7680 fits
/home/externo/rafaelrm/algoritmos/run_pipeline_target_classificacao_26012023/precoce-ms-classification/.venv-precoce-ms/lib/python3.8/site-packages/joblib/externals/loky/process_executor.py:700: UserWarning: A worker stopped while some jobs were given to the executor. This can be caused by a too short worker timeout or by a memory leak.
  warnings.warn(
exception calling callback for <Future at 0x7fcdeee42af0 state=finished raised TerminatedWorkerError>
Traceback (most recent call last):
  File "/home/externo/rafaelrm/algoritmos/run_pipeline_target_classificacao_26012023/precoce-ms-classification/.venv-precoce-ms/lib/python3.8/site-packages/joblib/externals/loky/_base.py", line 26, in _invoke_callbacks
    callback(self)
  File "/home/externo/rafaelrm/algoritmos/run_pipeline_target_classificacao_26012023/precoce-ms-classification/.venv-precoce-ms/lib/python3.8/site-packages/joblib/parallel.py", line 385, in __call__
    self.parallel.dispatch_next()
  File "/home/externo/rafaelrm/algoritmos/run_pipeline_target_classificacao_26012023/precoce-ms-classification/.venv-precoce-ms/lib/python3.8/site-packages/joblib/parallel.py", line 834, in dispatch_next
    if not self.dispatch_one_batch(self._original_iterator):
  File "/home/externo/rafaelrm/algoritmos/run_pipeline_target_classificacao_26012023/precoce-ms-classification/.venv-precoce-ms/lib/python3.8/site-packages/joblib/parallel.py", line 901, in dispatch_one_batch
    self._dispatch(tasks)
  File "/home/externo/rafaelrm/algoritmos/run_pipeline_target_classificacao_26012023/precoce-ms-classification/.venv-precoce-ms/lib/python3.8/site-packages/joblib/parallel.py", line 819, in _dispatch
    job = self._backend.apply_async(batch, callback=cb)
  File "/home/externo/rafaelrm/algoritmos/run_pipeline_target_classificacao_26012023/precoce-ms-classification/.venv-precoce-ms/lib/python3.8/site-packages/joblib/_parallel_backends.py", line 556, in apply_async
    future = self._workers.submit(SafeFunction(func))
  File "/home/externo/rafaelrm/algoritmos/run_pipeline_target_classificacao_26012023/precoce-ms-classification/.venv-precoce-ms/lib/python3.8/site-packages/joblib/externals/loky/reusable_executor.py", line 176, in submit
    return super().submit(fn, *args, **kwargs)
  File "/home/externo/rafaelrm/algoritmos/run_pipeline_target_classificacao_26012023/precoce-ms-classification/.venv-precoce-ms/lib/python3.8/site-packages/joblib/externals/loky/process_executor.py", line 1129, in submit
    raise self._flags.broken
joblib.externals.loky.process_executor.TerminatedWorkerError: A worker process managed by the executor was unexpectedly terminated. This could be caused by a segmentation fault while calling the function or by an excessive memory usage causing the Operating System to kill the worker.

The exit codes of the workers are {SIGKILL(-9)}
Error:  A worker process managed by the executor was unexpectedly terminated. This could be caused by a segmentation fault while calling the function or by an excessive memory usage causing the Operating System to kill the worker.

The exit codes of the workers are {SIGKILL(-9)}
Traceback (most recent call last):
  File "pipeline_target_classificacao_26012023.py", line 528, in <module>
    pattern_extraction.run_grid_search(
  File "/home/externo/rafaelrm/algoritmos/run_pipeline_target_classificacao_26012023/precoce-ms-classification/utils.py", line 413, in timeit_wrapper
    result = func(*args, **kwargs)
  File "/home/externo/rafaelrm/algoritmos/run_pipeline_target_classificacao_26012023/precoce-ms-classification/pattern_extraction.py", line 102, in run_grid_search
    grid_search.fit(x_train, y_train)
  File "/home/externo/rafaelrm/algoritmos/run_pipeline_target_classificacao_26012023/precoce-ms-classification/sklearn_tuner/model_selection_tuner/_search_tuner.py", line 266, in fit
    self._run_search(evaluate_candidates)
  File "/home/externo/rafaelrm/algoritmos/run_pipeline_target_classificacao_26012023/precoce-ms-classification/.venv-precoce-ms/lib/python3.8/site-packages/sklearn/model_selection/_search.py", line 1375, in _run_search
    evaluate_candidates(ParameterGrid(self.param_grid))
  File "/home/externo/rafaelrm/algoritmos/run_pipeline_target_classificacao_26012023/precoce-ms-classification/sklearn_tuner/model_selection_tuner/_search_tuner.py", line 211, in evaluate_candidates
    out = parallel(
  File "/home/externo/rafaelrm/algoritmos/run_pipeline_target_classificacao_26012023/precoce-ms-classification/.venv-precoce-ms/lib/python3.8/site-packages/joblib/parallel.py", line 1098, in __call__
    self.retrieve()
  File "/home/externo/rafaelrm/algoritmos/run_pipeline_target_classificacao_26012023/precoce-ms-classification/.venv-precoce-ms/lib/python3.8/site-packages/joblib/parallel.py", line 975, in retrieve
    self._output.extend(job.get(timeout=self.timeout))
  File "/home/externo/rafaelrm/algoritmos/run_pipeline_target_classificacao_26012023/precoce-ms-classification/.venv-precoce-ms/lib/python3.8/site-packages/joblib/_parallel_backends.py", line 567, in wrap_future_result
    return future.result(timeout=timeout)
  File "/usr/local/lib/python3.8/concurrent/futures/_base.py", line 444, in result
    return self.__get_result()
  File "/usr/local/lib/python3.8/concurrent/futures/_base.py", line 389, in __get_result
    raise self._exception
  File "/home/externo/rafaelrm/algoritmos/run_pipeline_target_classificacao_26012023/precoce-ms-classification/.venv-precoce-ms/lib/python3.8/site-packages/joblib/externals/loky/_base.py", line 26, in _invoke_callbacks
    callback(self)
  File "/home/externo/rafaelrm/algoritmos/run_pipeline_target_classificacao_26012023/precoce-ms-classification/.venv-precoce-ms/lib/python3.8/site-packages/joblib/parallel.py", line 385, in __call__
    self.parallel.dispatch_next()
  File "/home/externo/rafaelrm/algoritmos/run_pipeline_target_classificacao_26012023/precoce-ms-classification/.venv-precoce-ms/lib/python3.8/site-packages/joblib/parallel.py", line 834, in dispatch_next
    if not self.dispatch_one_batch(self._original_iterator):
  File "/home/externo/rafaelrm/algoritmos/run_pipeline_target_classificacao_26012023/precoce-ms-classification/.venv-precoce-ms/lib/python3.8/site-packages/joblib/parallel.py", line 901, in dispatch_one_batch
    self._dispatch(tasks)
  File "/home/externo/rafaelrm/algoritmos/run_pipeline_target_classificacao_26012023/precoce-ms-classification/.venv-precoce-ms/lib/python3.8/site-packages/joblib/parallel.py", line 819, in _dispatch
    job = self._backend.apply_async(batch, callback=cb)
  File "/home/externo/rafaelrm/algoritmos/run_pipeline_target_classificacao_26012023/precoce-ms-classification/.venv-precoce-ms/lib/python3.8/site-packages/joblib/_parallel_backends.py", line 556, in apply_async
    future = self._workers.submit(SafeFunction(func))
  File "/home/externo/rafaelrm/algoritmos/run_pipeline_target_classificacao_26012023/precoce-ms-classification/.venv-precoce-ms/lib/python3.8/site-packages/joblib/externals/loky/reusable_executor.py", line 176, in submit
    return super().submit(fn, *args, **kwargs)
  File "/home/externo/rafaelrm/algoritmos/run_pipeline_target_classificacao_26012023/precoce-ms-classification/.venv-precoce-ms/lib/python3.8/site-packages/joblib/externals/loky/process_executor.py", line 1129, in submit
    raise self._flags.broken
joblib.externals.loky.process_executor.TerminatedWorkerError: A worker process managed by the executor was unexpectedly terminated. This could be caused by a segmentation fault while calling the function or by an excessive memory usage causing the Operating System to kill the worker.

The exit codes of the workers are {SIGKILL(-9)}

