
*****INICIO LOAD DATA******
Error:  [Errno 2] No such file or directory: '/home/rafael_m/Documentos/base_dados/TAB_MODELAGEM_RAFAEL_2020_1.csvTAB_MODELAGEM_RAFAEL_2020_1.csv'
Traceback (most recent call last):
  File "pipeline_target_classificacao_26012023.py", line 136, in <module>
    precoce_ms_data_frame = csv_treatments.load_data(
  File "/home/rafael_m/Documentos/algoritmos/run_pipeline_target_classificacao_26012023/precoce-ms-classification/utils.py", line 413, in timeit_wrapper
    result = func(*args, **kwargs)
  File "/home/rafael_m/Documentos/algoritmos/run_pipeline_target_classificacao_26012023/precoce-ms-classification/csv_treatments.py", line 34, in load_data
    temp_data = pd.read_csv(
  File "/home/rafael_m/Documentos/algoritmos/run_pipeline_target_classificacao_26012023/precoce-ms-classification/.venv-precoce-ms/lib/python3.8/site-packages/pandas/util/_decorators.py", line 311, in wrapper
    return func(*args, **kwargs)
  File "/home/rafael_m/Documentos/algoritmos/run_pipeline_target_classificacao_26012023/precoce-ms-classification/.venv-precoce-ms/lib/python3.8/site-packages/pandas/io/parsers/readers.py", line 680, in read_csv
    return _read(filepath_or_buffer, kwds)
  File "/home/rafael_m/Documentos/algoritmos/run_pipeline_target_classificacao_26012023/precoce-ms-classification/.venv-precoce-ms/lib/python3.8/site-packages/pandas/io/parsers/readers.py", line 575, in _read
    parser = TextFileReader(filepath_or_buffer, **kwds)
  File "/home/rafael_m/Documentos/algoritmos/run_pipeline_target_classificacao_26012023/precoce-ms-classification/.venv-precoce-ms/lib/python3.8/site-packages/pandas/io/parsers/readers.py", line 934, in __init__
    self._engine = self._make_engine(f, self.engine)
  File "/home/rafael_m/Documentos/algoritmos/run_pipeline_target_classificacao_26012023/precoce-ms-classification/.venv-precoce-ms/lib/python3.8/site-packages/pandas/io/parsers/readers.py", line 1218, in _make_engine
    self.handles = get_handle(  # type: ignore[call-overload]
  File "/home/rafael_m/Documentos/algoritmos/run_pipeline_target_classificacao_26012023/precoce-ms-classification/.venv-precoce-ms/lib/python3.8/site-packages/pandas/io/common.py", line 786, in get_handle
    handle = open(
FileNotFoundError: [Errno 2] No such file or directory: '/home/rafael_m/Documentos/base_dados/TAB_MODELAGEM_RAFAEL_2020_1.csvTAB_MODELAGEM_RAFAEL_2020_1.csv'

