
*****INICIO LOAD DATA******
Traceback (most recent call last):
  File "pipeline_target_categoria_26012023.py", line 151, in <module>
    precoce_ms_data_frame = csv_treatments.load_data(
  File "/home/externo/rafaelrm/algoritmos/run_pipeline_target_categoria_26012023/precoce-ms-classification/utils.py", line 413, in timeit_wrapper
    result = func(*args, **kwargs)
  File "/home/externo/rafaelrm/algoritmos/run_pipeline_target_categoria_26012023/precoce-ms-classification/csv_treatments.py", line 38, in load_data
    temp_data = pd.read_csv(
  File "/home/externo/rafaelrm/algoritmos/run_pipeline_target_categoria_26012023/precoce-ms-classification/.venv-precoce-ms/lib/python3.8/site-packages/pandas/util/_decorators.py", line 311, in wrapper
    return func(*args, **kwargs)
  File "/home/externo/rafaelrm/algoritmos/run_pipeline_target_categoria_26012023/precoce-ms-classification/.venv-precoce-ms/lib/python3.8/site-packages/pandas/io/parsers/readers.py", line 680, in read_csv
    return _read(filepath_or_buffer, kwds)
  File "/home/externo/rafaelrm/algoritmos/run_pipeline_target_categoria_26012023/precoce-ms-classification/.venv-precoce-ms/lib/python3.8/site-packages/pandas/io/parsers/readers.py", line 581, in _read
    return parser.read(nrows)
  File "/home/externo/rafaelrm/algoritmos/run_pipeline_target_categoria_26012023/precoce-ms-classification/.venv-precoce-ms/lib/python3.8/site-packages/pandas/io/parsers/readers.py", line 1255, in read
    index, columns, col_dict = self._engine.read(nrows)
  File "/home/externo/rafaelrm/algoritmos/run_pipeline_target_categoria_26012023/precoce-ms-classification/.venv-precoce-ms/lib/python3.8/site-packages/pandas/io/parsers/c_parser_wrapper.py", line 225, in read
    chunks = self._reader.read_low_memory(nrows)
  File "pandas/_libs/parsers.pyx", line 805, in pandas._libs.parsers.TextReader.read_low_memory
  File "pandas/_libs/parsers.pyx", line 883, in pandas._libs.parsers.TextReader._read_rows
  File "pandas/_libs/parsers.pyx", line 1026, in pandas._libs.parsers.TextReader._convert_column_data
  File "pandas/_libs/parsers.pyx", line 1057, in pandas._libs.parsers.TextReader._convert_tokens
  File "pandas/_libs/parsers.pyx", line 1161, in pandas._libs.parsers.TextReader._convert_with_dtype
  File "/home/externo/rafaelrm/algoritmos/run_pipeline_target_categoria_26012023/precoce-ms-classification/.venv-precoce-ms/lib/python3.8/site-packages/pandas/core/arrays/integer.py", line 332, in _from_sequence_of_strings
    scalars = to_numeric(strings, errors="raise")
  File "/home/externo/rafaelrm/algoritmos/run_pipeline_target_categoria_26012023/precoce-ms-classification/.venv-precoce-ms/lib/python3.8/site-packages/pandas/core/tools/numeric.py", line 184, in to_numeric
    values, _ = lib.maybe_convert_numeric(
KeyboardInterrupt
